#
# There is insufficient memory for the Java Runtime Environment to continue.
# Native memory allocation (mmap) failed to map 264241152 bytes for Failed to commit area from 0x0000000705600000 to 0x0000000715200000 of length 264241152.
# Possible reasons:
#   The system is out of physical RAM or swap space
#   The process is running with CompressedOops enabled, and the Java Heap may be blocking the growth of the native heap
# Possible solutions:
#   Reduce memory load on the system
#   Increase physical memory or swap space
#   Check if swap backing store is full
#   Decrease Java heap size (-Xmx/-Xms)
#   Decrease number of Java threads
#   Decrease Java thread stack sizes (-Xss)
#   Set larger code cache with -XX:ReservedCodeCacheSize=
# This output file may be truncated or incomplete.
#
#  Out of Memory Error (t:/workspace/open/src/hotspot/os/windows/os_windows.cpp:3301), pid=33884, tid=14184
#
# JRE version:  (13.0.1+9) (build )
# Java VM: Java HotSpot(TM) 64-Bit Server VM (13.0.1+9, mixed mode, aot, sharing, tiered, compressed oops, g1 gc, windows-amd64)
# No core dump will be written. Minidumps are not enabled by default on client versions of Windows
#

---------------  S U M M A R Y ------------

Command Line: -javaagent:C:\Program Files\JetBrains\IntelliJ IDEA Community Edition 2019.3.3\lib\idea_rt.jar=60062:C:\Program Files\JetBrains\IntelliJ IDEA Community Edition 2019.3.3\bin -Dfile.encoding=UTF-8 com.company.Main

Host: Intel(R) Core(TM) i7-9700K CPU @ 3.60GHz, 8 cores, 15G,  Windows 10 , 64 bit Build 18362 (10.0.18362.329)
Time: Sat Mar 14 21:15:16 2020 ´eCN¹I±¹ C￥AØ½A elapsed time: 0 seconds (0d 0h 0m 0s)

---------------  T H R E A D  ---------------

Current thread (0x000002493399b800):  JavaThread "Unknown thread" [_thread_in_vm, id=14184, stack(0x000000647d400000,0x000000647d500000)]

Stack: [0x000000647d400000,0x000000647d500000]
Native frames: (J=compiled Java code, j=interpreted, Vv=VM code, C=native code)
V  [jvm.dll+0x626eca]
V  [jvm.dll+0x772c6a]
V  [jvm.dll+0x77441f]
V  [jvm.dll+0x774a23]
V  [jvm.dll+0x24da58]
V  [jvm.dll+0x62438a]
V  [jvm.dll+0x618f75]
V  [jvm.dll+0x30c61c]
V  [jvm.dll+0x30c452]
V  [jvm.dll+0x311bc6]
V  [jvm.dll+0x355ce6]
V  [jvm.dll+0x3554c0]
V  [jvm.dll+0x2e729a]
V  [jvm.dll+0x2e8532]
V  [jvm.dll+0x74fcd8]
V  [jvm.dll+0x363739]
V  [jvm.dll+0x732dc5]
V  [jvm.dll+0x3ce2ef]
V  [jvm.dll+0x3d0611]
C  [jli.dll+0x51ff]
C  [ucrtbase.dll+0x20e72]
C  [KERNEL32.DLL+0x17bd4]
C  [ntdll.dll+0x6ced1]


---------------  P R O C E S S  ---------------

Threads class SMR info:
_java_thread_list=0x00007ffcf4d846b8, length=0, elements={
}

Java Threads: ( => current thread )

Other Threads:
  0x0000024933a04800 GCTaskThread "GC Thread#0" [stack: 0x000000647d500000,0x000000647d600000] [id=36132]
  0x0000024933a26800 ConcurrentGCThread "G1 Main Marker" [stack: 0x000000647d600000,0x000000647d700000] [id=35940]
  0x0000024933a28000 ConcurrentGCThread "G1 Conc#0" [stack: 0x000000647d700000,0x000000647d800000] [id=36672]

[error occurred during error reporting (printing all threads), id 0xc0000005, EXCEPTION_ACCESS_VIOLATION (0xc0000005) at pc=0x00007ffcf45b6f67]

VM state:not at safepoint (not fully initialized)

VM Mutex/Monitor currently owned by a thread:  ([mutex/lock_event])
[0x0000024933997fb0] Heap_lock - owner thread: 0x000002493399b800

Heap address: 0x0000000705600000, size: 4010 MB, Compressed Oops mode: Non-zero based: 0x0000000705600000
Narrow klass base: 0x0000000000000000, Narrow klass shift: 0

GC Heap History (0 events):
No events

Deoptimization events (0 events):
No events

Classes unloaded (0 events):
No events

Classes redefined (0 events):
No events

Internal exceptions (0 events):
No events

Events (8 events):
Event: 0.009 Loaded shared library C:\Program Files\Java\jdk-13.0.1\bin\zip.dll
Event: 0.009 Loaded shared library C:\Program Files\Java\jdk-13.0.1\bin\jimage.dll
Event: 0.011 Loading shared library C:\Program Files\Java\jdk-13.0.1\lib\libjava.base-coop.dll failed, error code 126
Event: 0.011 Loading shared library C:\Program Files\Java\jdk-13.0.1\lib\libjava.logging-coop.dll failed, error code 126
Event: 0.011 Loading shared library C:\Program Files\Java\jdk-13.0.1\lib\libjdk.compiler-coop.dll failed, error code 126
Event: 0.011 Loading shared library C:\Program Files\Java\jdk-13.0.1\lib\libjdk.scripting.nashorn-coop.dll failed, error code 126
Event: 0.011 Loading shared library C:\Program Files\Java\jdk-13.0.1\lib\libjdk.internal.vm.ci-coop.dll failed, error code 126
Event: 0.011 Loading shared library C:\Program Files\Java\jdk-13.0.1\lib\libjdk.internal.vm.compiler-coop.dll failed, error code 126


Dynamic libraries:
0x00007ff65a810000 - 0x00007ff65a81f000 	C:\Program Files\Java\jdk-13.0.1\bin\java.exe
0x00007ffd46d80000 - 0x00007ffd46f70000 	C:\WINDOWS\SYSTEM32\ntdll.dll
0x00007ffd45690000 - 0x00007ffd45742000 	C:\WINDOWS\System32\KERNEL32.DLL
0x00007ffd44ad0000 - 0x00007ffd44d73000 	C:\WINDOWS\System32\KERNELBASE.dll
0x00007ffd43db0000 - 0x00007ffd43eaa000 	C:\WINDOWS\System32\ucrtbase.dll
0x00007ffd2b850000 - 0x00007ffd2b865000 	C:\Program Files\Java\jdk-13.0.1\bin\VCRUNTIME140.dll
0x00007ffd2c550000 - 0x00007ffd2c568000 	C:\Program Files\Java\jdk-13.0.1\bin\jli.dll
0x00007ffd463e0000 - 0x00007ffd46483000 	C:\WINDOWS\System32\ADVAPI32.dll
0x00007ffd44e50000 - 0x00007ffd44eee000 	C:\WINDOWS\System32\msvcrt.dll
0x00007ffd44ef0000 - 0x00007ffd44f87000 	C:\WINDOWS\System32\sechost.dll
0x00007ffd46b50000 - 0x00007ffd46c70000 	C:\WINDOWS\System32\RPCRT4.dll
0x00007ffd464c0000 - 0x00007ffd46654000 	C:\WINDOWS\System32\USER32.dll
0x00007ffd449b0000 - 0x00007ffd449d1000 	C:\WINDOWS\System32\win32u.dll
0x00007ffd463b0000 - 0x00007ffd463d6000 	C:\WINDOWS\System32\GDI32.dll
0x00007ffd43f10000 - 0x00007ffd440a4000 	C:\WINDOWS\System32\gdi32full.dll
0x00007ffd43d10000 - 0x00007ffd43dae000 	C:\WINDOWS\System32\msvcp_win.dll
0x00007ffd34470000 - 0x00007ffd346f5000 	C:\WINDOWS\WinSxS\amd64_microsoft.windows.common-controls_6595b64144ccf1df_6.0.18362.719_none_e6c7b883130c6729\COMCTL32.dll
0x00007ffd467a0000 - 0x00007ffd46ad6000 	C:\WINDOWS\System32\combase.dll
0x00007ffd449e0000 - 0x00007ffd44a60000 	C:\WINDOWS\System32\bcryptPrimitives.dll
0x00007ffd3fa00000 - 0x00007ffd3fa0a000 	C:\WINDOWS\SYSTEM32\VERSION.dll
0x00007ffd46490000 - 0x00007ffd464be000 	C:\WINDOWS\System32\IMM32.DLL
0x00007ffd06a40000 - 0x00007ffd06adb000 	C:\Program Files\Java\jdk-13.0.1\bin\msvcp140.dll
0x00007ffcf42c0000 - 0x00007ffcf4e26000 	C:\Program Files\Java\jdk-13.0.1\bin\server\jvm.dll
0x00007ffd44e40000 - 0x00007ffd44e48000 	C:\WINDOWS\System32\PSAPI.DLL
0x00007ffd3fb10000 - 0x00007ffd3fb19000 	C:\WINDOWS\SYSTEM32\WSOCK32.dll
0x00007ffd46c70000 - 0x00007ffd46cdf000 	C:\WINDOWS\System32\WS2_32.dll
0x00007ffd37d10000 - 0x00007ffd37d34000 	C:\WINDOWS\SYSTEM32\WINMM.dll
0x00007ffd37ce0000 - 0x00007ffd37d0d000 	C:\WINDOWS\SYSTEM32\WINMMBASE.dll
0x00007ffd44a60000 - 0x00007ffd44aaa000 	C:\WINDOWS\System32\cfgmgr32.dll
0x00007ffd43cc0000 - 0x00007ffd43cd1000 	C:\WINDOWS\System32\kernel.appcore.dll
0x00007ffd2eb30000 - 0x00007ffd2eb40000 	C:\Program Files\Java\jdk-13.0.1\bin\verify.dll
0x00007ffd3e7f0000 - 0x00007ffd3e9e4000 	C:\WINDOWS\SYSTEM32\DBGHELP.DLL
0x00007ffd3e600000 - 0x00007ffd3e62a000 	C:\WINDOWS\SYSTEM32\dbgcore.DLL
0x00007ffd24330000 - 0x00007ffd24356000 	C:\Program Files\Java\jdk-13.0.1\bin\java.dll
0x00007ffd2cae0000 - 0x00007ffd2caee000 	C:\Program Files\Java\jdk-13.0.1\bin\instrument.dll
0x00007ffd24310000 - 0x00007ffd24327000 	C:\Program Files\Java\jdk-13.0.1\bin\zip.dll
0x00007ffd2cea0000 - 0x00007ffd2ceaa000 	C:\Program Files\Java\jdk-13.0.1\bin\jimage.dll

dbghelp: loaded successfully - version: 4.0.5 - missing functions: none
symbol engine: initialized successfully - sym options: 0x614 - pdb path: .;C:\Program Files\Java\jdk-13.0.1\bin;C:\WINDOWS\SYSTEM32;C:\WINDOWS\WinSxS\amd64_microsoft.windows.common-controls_6595b64144ccf1df_6.0.18362.719_none_e6c7b883130c6729;C:\Program Files\Java\jdk-13.0.1\bin\server

VM Arguments:
jvm_args: -javaagent:C:\Program Files\JetBrains\IntelliJ IDEA Community Edition 2019.3.3\lib\idea_rt.jar=60062:C:\Program Files\JetBrains\IntelliJ IDEA Community Edition 2019.3.3\bin -Dfile.encoding=UTF-8 
java_command: com.company.Main
java_class_path (initial): C:\Users\user\IdeaProjects\PAS-MME\out\production\PAS-MME;C:\Users\user\Desktop\다운로드\json_simple-1.1.jar
Launcher Type: SUN_STANDARD

[Global flags]
     intx CICompilerCount                          = 4                                         {product} {ergonomic}
     uint ConcGCThreads                            = 2                                         {product} {ergonomic}
     uint G1ConcRefinementThreads                  = 8                                         {product} {ergonomic}
   size_t G1HeapRegionSize                         = 1048576                                   {product} {ergonomic}
    uintx GCDrainStackTargetSize                   = 64                                        {product} {ergonomic}
   size_t InitialHeapSize                          = 264241152                                 {product} {ergonomic}
   size_t MarkStackSize                            = 4194304                                   {product} {ergonomic}
   size_t MaxHeapSize                              = 4204789760                                {product} {ergonomic}
   size_t MinHeapDeltaBytes                        = 1048576                                   {product} {ergonomic}
   size_t MinHeapSize                              = 8388608                                   {product} {ergonomic}
    uintx NonNMethodCodeHeapSize                   = 5836300                                {pd product} {ergonomic}
    uintx NonProfiledCodeHeapSize                  = 122910970                              {pd product} {ergonomic}
    uintx ProfiledCodeHeapSize                     = 122910970                              {pd product} {ergonomic}
    uintx ReservedCodeCacheSize                    = 251658240                              {pd product} {ergonomic}
     bool SegmentedCodeCache                       = true                                      {product} {ergonomic}
   size_t SoftMaxHeapSize                          = 4204789760                             {manageable} {ergonomic}
     bool UseCompressedClassPointers               = true                                 {lp64_product} {ergonomic}
     bool UseCompressedOops                        = true                                 {lp64_product} {ergonomic}
     bool UseG1GC                                  = true                                      {product} {ergonomic}
     bool UseLargePagesIndividualAllocation        = false                                  {pd product} {ergonomic}

Logging:
Log output configuration:
 #0: stdout all=warning uptime,level,tags
 #1: stderr all=off uptime,level,tags

Environment Variables:
JAVA_HOME=C:\Program Files\Java\jdk-13.0.1
PATH=C:\Program Files (x86)\Common Files\Oracle\Java\javapath;C:\WINDOWS\system32;C:\WINDOWS;C:\WINDOWS\System32\Wbem;C:\WINDOWS\System32\WindowsPowerShell\v1.0\;C:\WINDOWS\System32\OpenSSH\;C:\Program Files\Git\cmd;C:\Program Files\dotnet\;C:\opencv;C:\opencv\build\x64\vc14\bin;C:\Program Files\nodejs\;C:\Users\user\Anaconda3;C:\Users\user\Anaconda3\Library\mingw-w64\bin;C:\Users\user\Anaconda3\Library\usr\bin;C:\Users\user\Anaconda3\Library\bin;C:\Users\user\Anaconda3\Scripts;C:\Users\user\AppData\Local\Microsoft\WindowsApps;C:\Program Files\Bandizip\;C:\Users\user\AppData\Local\GitHubDesktop\bin;C:\Users\user\AppData\Roaming\npm;C:\Users\user\AppData\Local\atom\bin;C:\Program Files\JetBrains\IntelliJ IDEA Community Edition 2019.3.3\bin;
USERNAME=user
OS=Windows_NT
PROCESSOR_IDENTIFIER=Intel64 Family 6 Model 158 Stepping 12, GenuineIntel



---------------  S Y S T E M  ---------------

OS: Windows 10 , 64 bit Build 18362 (10.0.18362.329)

CPU:total 8 (initial active 8) (8 cores per cpu, 1 threads per core) family 6 model 158 stepping 12, cmov, cx8, fxsr, mmx, sse, sse2, sse3, ssse3, sse4.1, sse4.2, popcnt, avx, avx2, aes, clmul, erms, rtm, 3dnowpref, lzcnt, tsc, tscinvbit, bmi1, bmi2, adx, fma

Memory: 4k page, system-wide physical 16039M (8480M free)
TotalPageFile size 45671M (AvailPageFile size 11M)
current process WorkingSet (physical memory assigned to process): 10M, peak: 10M
current process commit charge ("private bytes"): 61M, peak: 313M

vm_info: Java HotSpot(TM) 64-Bit Server VM (13.0.1+9) for windows-amd64 JRE (13.0.1+9), built on Oct  6 2019 12:37:49 by "mach5one" with unknown MS VC++:1916

END.
